<?xml version="1.0" encoding="UTF-8"?><testrun name="model3" project="model" tests="16" started="2" failures="1" errors="0" ignored="0">
  <testsuite name="tests.ModelTest3" incomplete="true">
    <testcase name="testTranslateManipO" classname="tests.ModelTest3" time="1.443">
      <failure>java.lang.AssertionError: Exceeds 10 errors; Image(x=191, y=33); ; correct(0, 204, 0) student(51, 51, 51)&#13;
	at org.junit.Assert.fail(Assert.java:89)&#13;
	at tests.ModelHelpers.compareImages(ModelHelpers.java:174)&#13;
	at tests.ModelTest3.testTranslateManipO(ModelTest3.java:171)&#13;
	at java.base/jdk.internal.reflect.NativeMethodAccessorImpl.invoke0(Native Method)&#13;
	at java.base/jdk.internal.reflect.NativeMethodAccessorImpl.invoke(NativeMethodAccessorImpl.java:64)&#13;
	at java.base/jdk.internal.reflect.DelegatingMethodAccessorImpl.invoke(DelegatingMethodAccessorImpl.java:43)&#13;
	at java.base/java.lang.reflect.Method.invoke(Method.java:564)&#13;
	at org.junit.runners.model.FrameworkMethod$1.runReflectiveCall(FrameworkMethod.java:59)&#13;
	at org.junit.internal.runners.model.ReflectiveCallable.run(ReflectiveCallable.java:12)&#13;
	at org.junit.runners.model.FrameworkMethod.invokeExplosively(FrameworkMethod.java:56)&#13;
	at org.junit.internal.runners.statements.InvokeMethod.evaluate(InvokeMethod.java:17)&#13;
	at org.junit.runners.ParentRunner$3.evaluate(ParentRunner.java:306)&#13;
	at org.junit.runners.BlockJUnit4ClassRunner$1.evaluate(BlockJUnit4ClassRunner.java:100)&#13;
	at org.junit.runners.ParentRunner.runLeaf(ParentRunner.java:366)&#13;
	at org.junit.runners.BlockJUnit4ClassRunner.runChild(BlockJUnit4ClassRunner.java:103)&#13;
	at org.junit.runners.BlockJUnit4ClassRunner.runChild(BlockJUnit4ClassRunner.java:63)&#13;
	at org.junit.runners.ParentRunner$4.run(ParentRunner.java:331)&#13;
	at org.junit.runners.ParentRunner$1.schedule(ParentRunner.java:79)&#13;
	at org.junit.runners.ParentRunner.runChildren(ParentRunner.java:329)&#13;
	at org.junit.runners.ParentRunner.access$100(ParentRunner.java:66)&#13;
	at org.junit.runners.ParentRunner$2.evaluate(ParentRunner.java:293)&#13;
	at org.junit.runners.ParentRunner$3.evaluate(ParentRunner.java:306)&#13;
	at org.junit.runners.ParentRunner.run(ParentRunner.java:413)&#13;
	at org.eclipse.jdt.internal.junit4.runner.JUnit4TestReference.run(JUnit4TestReference.java:93)&#13;
	at org.eclipse.jdt.internal.junit.runner.TestExecution.run(TestExecution.java:40)&#13;
	at org.eclipse.jdt.internal.junit.runner.RemoteTestRunner.runTests(RemoteTestRunner.java:529)&#13;
	at org.eclipse.jdt.internal.junit.runner.RemoteTestRunner.runTests(RemoteTestRunner.java:756)&#13;
	at org.eclipse.jdt.internal.junit.runner.RemoteTestRunner.run(RemoteTestRunner.java:452)&#13;
	at org.eclipse.jdt.internal.junit.runner.RemoteTestRunner.main(RemoteTestRunner.java:210)&#13;
&#13;
</failure>
    </testcase>
    <testcase name="testTranslateManipX" classname="tests.ModelTest3" incomplete="true"/>
    <testcase name="testTranslateManipY" classname="tests.ModelTest3" incomplete="true"/>
    <testcase name="testTranslateManipZ" classname="tests.ModelTest3" incomplete="true"/>
    <testcase name="testRotateManipX" classname="tests.ModelTest3" incomplete="true"/>
    <testcase name="testRotateManipY" classname="tests.ModelTest3" incomplete="true"/>
    <testcase name="testRotateManipZ" classname="tests.ModelTest3" incomplete="true"/>
    <testcase name="testScaleManipO" classname="tests.ModelTest3" incomplete="true"/>
    <testcase name="testScaleManipX" classname="tests.ModelTest3" incomplete="true"/>
    <testcase name="testScaleManipY" classname="tests.ModelTest3" incomplete="true"/>
    <testcase name="testScaleManipZ" classname="tests.ModelTest3" incomplete="true"/>
    <testcase name="testPseudoIntersection" classname="tests.ModelTest3" incomplete="true"/>
    <testcase name="testComputeAxisRay" classname="tests.ModelTest3" incomplete="true"/>
    <testcase name="testComputeViewingRay" classname="tests.ModelTest3" incomplete="true"/>
    <testcase name="testRotateScaleManip" classname="tests.ModelTest3" incomplete="true"/>
    <testcase name="testTranslateRotateManip" classname="tests.ModelTest3" incomplete="true"/>
  </testsuite>
</testrun>
